<?xml version="1.0" encoding="UTF-8"?>
<!-- Generated by org.testng.reporters.JUnitXMLReporter -->
<testsuite ignored="0" hostname="LAPTOP-8LKTASA0" failures="0" tests="12" name="Accounts Page Test" time="63.784" errors="0" timestamp="2024-10-22T23:42:07 IST">
  <testcase classname="com.qa.opencart.tests.AccountsPageTest" name="accPageTitleTest" time="0.045"/>
  <testcase classname="com.qa.opencart.tests.AccountsPageTest" name="acctpageHeadersTest" time="0.175"/>
  <testcase classname="com.qa.opencart.tests.AccountsPageTest" name="getAcctpageHeadersCountTest" time="0.068"/>
  <testcase classname="com.qa.opencart.tests.AccountsPageTest" name="isLogOutLinkExistTest" time="1.264"/>
  <testcase classname="com.qa.opencart.tests.AccountsPageTest" name="searchCountTest" time="3.315"/>
  <testcase classname="com.qa.opencart.tests.AccountsPageTest" name="searchCountTest" time="2.357"/>
  <testcase classname="com.qa.opencart.tests.AccountsPageTest" name="searchCountTest" time="2.924"/>
  <testcase classname="com.qa.opencart.tests.AccountsPageTest" name="searchTest" time="5.313"/>
  <testcase classname="com.qa.opencart.tests.AccountsPageTest" name="searchTest" time="4.8"/>
  <testcase classname="com.qa.opencart.tests.AccountsPageTest" name="searchTest" time="3.679"/>
  <testcase classname="com.qa.opencart.tests.AccountsPageTest" name="searchTest" time="3.513"/>
  <testcase classname="com.qa.opencart.tests.AccountsPageTest" name="searchTest" time="5.155"/>
</testsuite> <!-- Accounts Page Test -->
