<?xml version="1.0" encoding="UTF-8"?>
<!-- Generated by org.testng.reporters.JUnitXMLReporter -->
<testsuite ignored="0" hostname="LAPTOP-8LKTASA0" failures="0" tests="12" name="Accounts Page Test" time="31.217" errors="0" timestamp="2024-09-27T10:07:15 IST">
  <testcase classname="com.qa.opencart.tests.AccountsPageTest" name="accPageTitleTest" time="1.411"/>
  <testcase classname="com.qa.opencart.tests.AccountsPageTest" name="acctpageHeadersTest" time="1.207"/>
  <testcase classname="com.qa.opencart.tests.AccountsPageTest" name="getAcctpageHeadersCountTest" time="0.155"/>
  <testcase classname="com.qa.opencart.tests.AccountsPageTest" name="isLogOutLinkExistTest" time="0.83"/>
  <testcase classname="com.qa.opencart.tests.AccountsPageTest" name="searchCountTest" time="1.992"/>
  <testcase classname="com.qa.opencart.tests.AccountsPageTest" name="searchCountTest" time="1.272"/>
  <testcase classname="com.qa.opencart.tests.AccountsPageTest" name="searchCountTest" time="1.324"/>
  <testcase classname="com.qa.opencart.tests.AccountsPageTest" name="searchTest" time="2.601"/>
  <testcase classname="com.qa.opencart.tests.AccountsPageTest" name="searchTest" time="1.721"/>
  <testcase classname="com.qa.opencart.tests.AccountsPageTest" name="searchTest" time="2.437"/>
  <testcase classname="com.qa.opencart.tests.AccountsPageTest" name="searchTest" time="2.707"/>
  <testcase classname="com.qa.opencart.tests.AccountsPageTest" name="searchTest" time="2.314"/>
</testsuite> <!-- Accounts Page Test -->
