<?xml version="1.0" encoding="UTF-8"?>
<!-- Generated by org.testng.reporters.JUnitXMLReporter -->
<testsuite ignored="0" hostname="LAPTOP-8LKTASA0" failures="0" tests="5" name="Login Page Test" time="15.785" errors="0" timestamp="2024-09-27T10:07:00 IST">
  <testcase classname="com.qa.opencart.tests.LoginPageTest" name="forgotPwdLinkExistTest" time="0.128"/>
  <testcase classname="com.qa.opencart.tests.LoginPageTest" name="loginPageTitleTest" time="0.064"/>
  <testcase classname="com.qa.opencart.tests.LoginPageTest" name="loginPageURLTest" time="0.05"/>
  <testcase classname="com.qa.opencart.tests.LoginPageTest" name="logoExistsTest" time="0.179"/>
  <testcase classname="com.qa.opencart.tests.LoginPageTest" name="LoginTest" time="3.738"/>
</testsuite> <!-- Login Page Test -->
