<?xml version="1.0" encoding="UTF-8"?>
<!-- Generated by org.testng.reporters.JUnitXMLReporter -->
<testsuite ignored="0" hostname="LAPTOP-8LKTASA0" failures="0" tests="5" name="Login Page Test" time="28.069" errors="0" timestamp="2024-10-22T23:41:33 IST">
  <testcase classname="com.qa.opencart.tests.LoginPageTest" name="forgotPwdLinkExistTest" time="2.01"/>
  <testcase classname="com.qa.opencart.tests.LoginPageTest" name="loginPageTitleTest" time="0.081"/>
  <testcase classname="com.qa.opencart.tests.LoginPageTest" name="loginPageURLTest" time="0.04"/>
  <testcase classname="com.qa.opencart.tests.LoginPageTest" name="logoExistsTest" time="1.535"/>
  <testcase classname="com.qa.opencart.tests.LoginPageTest" name="LoginTest" time="4.01"/>
</testsuite> <!-- Login Page Test -->
