<?xml version="1.0" encoding="UTF-8"?>
<!-- Generated by org.testng.reporters.JUnitXMLReporter -->
<testsuite ignored="0" hostname="LAPTOP-8LKTASA0" failures="0" tests="7" name="ProductInfo Page Test" time="32.012" errors="0" timestamp="2024-09-27T10:07:16 IST">
  <testcase classname="com.qa.opencart.tests.ProductInfoPageTest" name="productHeaderTest" time="5.957"/>
  <testcase classname="com.qa.opencart.tests.ProductInfoPageTest" name="productImagesCount" time="2.05"/>
  <testcase classname="com.qa.opencart.tests.ProductInfoPageTest" name="productImagesCount" time="1.79"/>
  <testcase classname="com.qa.opencart.tests.ProductInfoPageTest" name="productImagesCount" time="1.669"/>
  <testcase classname="com.qa.opencart.tests.ProductInfoPageTest" name="productImagesCount" time="1.679"/>
  <testcase classname="com.qa.opencart.tests.ProductInfoPageTest" name="productImagesCount" time="2.273"/>
  <testcase classname="com.qa.opencart.tests.ProductInfoPageTest" name="productInfoTest" time="2.889"/>
</testsuite> <!-- ProductInfo Page Test -->
