<?xml version="1.0" encoding="UTF-8"?>
<!-- Generated by org.testng.reporters.JUnitXMLReporter -->
<testsuite ignored="0" hostname="LAPTOP-8LKTASA0" failures="0" tests="7" name="ProductInfo Page Test" time="49.058" errors="0" timestamp="2024-10-22T17:16:12 IST">
  <testcase classname="com.qa.opencart.tests.ProductInfoPageTest" name="productHeaderTest" time="9.381"/>
  <testcase classname="com.qa.opencart.tests.ProductInfoPageTest" name="productImagesCount" time="4.364"/>
  <testcase classname="com.qa.opencart.tests.ProductInfoPageTest" name="productImagesCount" time="3.453"/>
  <testcase classname="com.qa.opencart.tests.ProductInfoPageTest" name="productImagesCount" time="3.279"/>
  <testcase classname="com.qa.opencart.tests.ProductInfoPageTest" name="productImagesCount" time="3.218"/>
  <testcase classname="com.qa.opencart.tests.ProductInfoPageTest" name="productImagesCount" time="2.907"/>
  <testcase classname="com.qa.opencart.tests.ProductInfoPageTest" name="productInfoTest" time="3.776"/>
</testsuite> <!-- ProductInfo Page Test -->
