<?xml version="1.0" encoding="UTF-8"?>
<!-- Generated by org.testng.reporters.JUnitXMLReporter -->
<testsuite ignored="0" hostname="LAPTOP-8LKTASA0" failures="0" tests="5" name="Default test" time="7.725" errors="0" timestamp="2024-10-22T16:15:31 IST">
  <testcase classname="com.qa.opencart.tests.LoginPageTest" name="forgotPwdLinkExistTest" time="0.829"/>
  <testcase classname="com.qa.opencart.tests.LoginPageTest" name="loginPageTitleTest" time="0.024"/>
  <testcase classname="com.qa.opencart.tests.LoginPageTest" name="loginPageURLTest" time="0.012"/>
  <testcase classname="com.qa.opencart.tests.LoginPageTest" name="logoExistsTest" time="0.751"/>
  <testcase classname="com.qa.opencart.tests.LoginPageTest" name="LoginTest" time="2.73"/>
</testsuite> <!-- Default test -->
