<?xml version="1.0" encoding="UTF-8"?>
<testng-results ignored="0" total="25" passed="25" failed="0" skipped="0">
  <reporter-output>
  </reporter-output>
  <suite started-at="2024-10-22T17:15:22 IST" name="Opencart App Test Regression Suite" finished-at="2024-10-22T17:16:15 IST" duration-ms="52628">
    <groups>
    </groups>
    <test started-at="2024-10-22T17:15:22 IST" name="Login Page Test" finished-at="2024-10-22T17:15:46 IST" duration-ms="23754">
      <class name="com.qa.opencart.tests.LoginPageTest">
        <test-method is-config="true" signature="setup(java.lang.String)[pri:0, instance:com.qa.opencart.tests.LoginPageTest@4116f66a]" started-at="2024-10-22T17:15:23 IST" name="setup" finished-at="2024-10-22T17:15:31 IST" duration-ms="8800" status="PASS">
          <params>
            <param index="0">
              <value>
                <![CDATA[edge]]>
              </value>
            </param>
          </params>
          <reporter-output>
          </reporter-output>
        </test-method> <!-- setup -->
        <test-method signature="forgotPwdLinkExistTest()[pri:0, instance:com.qa.opencart.tests.LoginPageTest@4116f66a]" started-at="2024-10-22T17:15:32 IST" name="forgotPwdLinkExistTest" finished-at="2024-10-22T17:15:34 IST" duration-ms="2254" status="PASS">
          <reporter-output>
          </reporter-output>
        </test-method> <!-- forgotPwdLinkExistTest -->
        <test-method signature="loginPageTitleTest()[pri:0, instance:com.qa.opencart.tests.LoginPageTest@4116f66a]" started-at="2024-10-22T17:15:35 IST" name="loginPageTitleTest" finished-at="2024-10-22T17:15:35 IST" duration-ms="60" status="PASS">
          <reporter-output>
          </reporter-output>
        </test-method> <!-- loginPageTitleTest -->
        <test-method signature="loginPageURLTest()[pri:0, instance:com.qa.opencart.tests.LoginPageTest@4116f66a]" started-at="2024-10-22T17:15:35 IST" name="loginPageURLTest" finished-at="2024-10-22T17:15:35 IST" duration-ms="40" status="PASS">
          <reporter-output>
          </reporter-output>
        </test-method> <!-- loginPageURLTest -->
        <test-method signature="logoExistsTest()[pri:0, instance:com.qa.opencart.tests.LoginPageTest@4116f66a]" started-at="2024-10-22T17:15:35 IST" name="logoExistsTest" finished-at="2024-10-22T17:15:36 IST" duration-ms="1051" status="PASS">
          <reporter-output>
          </reporter-output>
        </test-method> <!-- logoExistsTest -->
        <test-method signature="LoginTest()[pri:2147483647, instance:com.qa.opencart.tests.LoginPageTest@4116f66a]" started-at="2024-10-22T17:15:36 IST" name="LoginTest" finished-at="2024-10-22T17:15:42 IST" duration-ms="6692" status="PASS">
          <reporter-output>
          </reporter-output>
        </test-method> <!-- LoginTest -->
        <test-method is-config="true" signature="tearDown()[pri:0, instance:com.qa.opencart.tests.LoginPageTest@4116f66a]" started-at="2024-10-22T17:15:42 IST" name="tearDown" finished-at="2024-10-22T17:15:46 IST" duration-ms="3771" status="PASS">
          <reporter-output>
          </reporter-output>
        </test-method> <!-- tearDown -->
      </class> <!-- com.qa.opencart.tests.LoginPageTest -->
    </test> <!-- Login Page Test -->
    <test started-at="2024-10-22T17:15:22 IST" name="Register Page Test" finished-at="2024-10-22T17:15:56 IST" duration-ms="33253">
      <class name="com.qa.opencart.tests.RegistrationPageTest">
        <test-method is-config="true" signature="setup(java.lang.String)[pri:0, instance:com.qa.opencart.tests.RegistrationPageTest@2fbe26da]" started-at="2024-10-22T17:15:23 IST" name="setup" finished-at="2024-10-22T17:15:32 IST" duration-ms="9029" status="PASS">
          <params>
            <param index="0">
              <value>
                <![CDATA[chrome]]>
              </value>
            </param>
          </params>
          <reporter-output>
          </reporter-output>
        </test-method> <!-- setup -->
        <test-method is-config="true" signature="regSetup()[pri:0, instance:com.qa.opencart.tests.RegistrationPageTest@2fbe26da]" started-at="2024-10-22T17:15:32 IST" name="regSetup" finished-at="2024-10-22T17:15:34 IST" duration-ms="2517" status="PASS">
          <reporter-output>
          </reporter-output>
        </test-method> <!-- regSetup -->
        <test-method signature="userRegisterTest()[pri:0, instance:com.qa.opencart.tests.RegistrationPageTest@2fbe26da]" started-at="2024-10-22T17:15:34 IST" name="userRegisterTest" finished-at="2024-10-22T17:15:55 IST" duration-ms="20595" status="PASS">
          <reporter-output>
          </reporter-output>
        </test-method> <!-- userRegisterTest -->
        <test-method is-config="true" signature="tearDown()[pri:0, instance:com.qa.opencart.tests.RegistrationPageTest@2fbe26da]" started-at="2024-10-22T17:15:55 IST" name="tearDown" finished-at="2024-10-22T17:15:56 IST" duration-ms="1062" status="PASS">
          <reporter-output>
          </reporter-output>
        </test-method> <!-- tearDown -->
      </class> <!-- com.qa.opencart.tests.RegistrationPageTest -->
    </test> <!-- Register Page Test -->
    <test started-at="2024-10-22T17:15:22 IST" name="ProductInfo Page Test" finished-at="2024-10-22T17:16:12 IST" duration-ms="49058">
      <class name="com.qa.opencart.tests.ProductInfoPageTest">
        <test-method is-config="true" signature="setup(java.lang.String)[pri:0, instance:com.qa.opencart.tests.ProductInfoPageTest@10e5bf9c]" started-at="2024-10-22T17:15:23 IST" name="setup" finished-at="2024-10-22T17:15:32 IST" duration-ms="9833" status="PASS">
          <params>
            <param index="0">
              <value>
                <![CDATA[edge]]>
              </value>
            </param>
          </params>
          <reporter-output>
          </reporter-output>
        </test-method> <!-- setup -->
        <test-method is-config="true" signature="productInfoSetup()[pri:0, instance:com.qa.opencart.tests.ProductInfoPageTest@10e5bf9c]" started-at="2024-10-22T17:15:32 IST" name="productInfoSetup" finished-at="2024-10-22T17:15:39 IST" duration-ms="6716" status="PASS">
          <reporter-output>
          </reporter-output>
        </test-method> <!-- productInfoSetup -->
        <test-method signature="productHeaderTest()[pri:0, instance:com.qa.opencart.tests.ProductInfoPageTest@10e5bf9c]" started-at="2024-10-22T17:15:39 IST" name="productHeaderTest" finished-at="2024-10-22T17:15:48 IST" duration-ms="9381" status="PASS">
          <reporter-output>
          </reporter-output>
        </test-method> <!-- productHeaderTest -->
        <test-method signature="productImagesCount(java.lang.String,java.lang.String,int)[pri:0, instance:com.qa.opencart.tests.ProductInfoPageTest@10e5bf9c]" started-at="2024-10-22T17:15:48 IST" name="productImagesCount" data-provider="getProductImagesCountData" finished-at="2024-10-22T17:15:53 IST" duration-ms="4364" status="PASS">
          <params>
            <param index="0">
              <value>
                <![CDATA[macbook]]>
              </value>
            </param>
            <param index="1">
              <value>
                <![CDATA[MacBook Pro]]>
              </value>
            </param>
            <param index="2">
              <value>
                <![CDATA[4]]>
              </value>
            </param>
          </params>
          <reporter-output>
          </reporter-output>
        </test-method> <!-- productImagesCount -->
        <test-method signature="productImagesCount(java.lang.String,java.lang.String,int)[pri:0, instance:com.qa.opencart.tests.ProductInfoPageTest@10e5bf9c]" started-at="2024-10-22T17:15:53 IST" name="productImagesCount" data-provider="getProductImagesCountData" finished-at="2024-10-22T17:15:56 IST" duration-ms="3453" status="PASS">
          <params>
            <param index="0">
              <value>
                <![CDATA[imac]]>
              </value>
            </param>
            <param index="1">
              <value>
                <![CDATA[iMac]]>
              </value>
            </param>
            <param index="2">
              <value>
                <![CDATA[3]]>
              </value>
            </param>
          </params>
          <reporter-output>
          </reporter-output>
        </test-method> <!-- productImagesCount -->
        <test-method signature="productImagesCount(java.lang.String,java.lang.String,int)[pri:0, instance:com.qa.opencart.tests.ProductInfoPageTest@10e5bf9c]" started-at="2024-10-22T17:15:56 IST" name="productImagesCount" data-provider="getProductImagesCountData" finished-at="2024-10-22T17:16:00 IST" duration-ms="3279" status="PASS">
          <params>
            <param index="0">
              <value>
                <![CDATA[samsung]]>
              </value>
            </param>
            <param index="1">
              <value>
                <![CDATA[Samsung SyncMaster 941BW]]>
              </value>
            </param>
            <param index="2">
              <value>
                <![CDATA[1]]>
              </value>
            </param>
          </params>
          <reporter-output>
          </reporter-output>
        </test-method> <!-- productImagesCount -->
        <test-method signature="productImagesCount(java.lang.String,java.lang.String,int)[pri:0, instance:com.qa.opencart.tests.ProductInfoPageTest@10e5bf9c]" started-at="2024-10-22T17:16:00 IST" name="productImagesCount" data-provider="getProductImagesCountData" finished-at="2024-10-22T17:16:03 IST" duration-ms="3218" status="PASS">
          <params>
            <param index="0">
              <value>
                <![CDATA[samsung]]>
              </value>
            </param>
            <param index="1">
              <value>
                <![CDATA[Samsung Galaxy Tab 10.1]]>
              </value>
            </param>
            <param index="2">
              <value>
                <![CDATA[7]]>
              </value>
            </param>
          </params>
          <reporter-output>
          </reporter-output>
        </test-method> <!-- productImagesCount -->
        <test-method signature="productImagesCount(java.lang.String,java.lang.String,int)[pri:0, instance:com.qa.opencart.tests.ProductInfoPageTest@10e5bf9c]" started-at="2024-10-22T17:16:03 IST" name="productImagesCount" data-provider="getProductImagesCountData" finished-at="2024-10-22T17:16:06 IST" duration-ms="2907" status="PASS">
          <params>
            <param index="0">
              <value>
                <![CDATA[canon]]>
              </value>
            </param>
            <param index="1">
              <value>
                <![CDATA[Canon EOS 5D]]>
              </value>
            </param>
            <param index="2">
              <value>
                <![CDATA[3]]>
              </value>
            </param>
          </params>
          <reporter-output>
          </reporter-output>
        </test-method> <!-- productImagesCount -->
        <test-method signature="productInfoTest()[pri:0, instance:com.qa.opencart.tests.ProductInfoPageTest@10e5bf9c]" started-at="2024-10-22T17:16:06 IST" name="productInfoTest" finished-at="2024-10-22T17:16:10 IST" duration-ms="3776" status="PASS">
          <reporter-output>
          </reporter-output>
        </test-method> <!-- productInfoTest -->
        <test-method is-config="true" signature="tearDown()[pri:0, instance:com.qa.opencart.tests.ProductInfoPageTest@10e5bf9c]" started-at="2024-10-22T17:16:10 IST" name="tearDown" finished-at="2024-10-22T17:16:12 IST" duration-ms="1922" status="PASS">
          <reporter-output>
          </reporter-output>
        </test-method> <!-- tearDown -->
      </class> <!-- com.qa.opencart.tests.ProductInfoPageTest -->
    </test> <!-- ProductInfo Page Test -->
    <test started-at="2024-10-22T17:15:22 IST" name="Accounts Page Test" finished-at="2024-10-22T17:16:15 IST" duration-ms="52628">
      <class name="com.qa.opencart.tests.AccountsPageTest">
        <test-method is-config="true" signature="setup(java.lang.String)[pri:0, instance:com.qa.opencart.tests.AccountsPageTest@5995851e]" started-at="2024-10-22T17:15:23 IST" name="setup" finished-at="2024-10-22T17:15:31 IST" duration-ms="8842" status="PASS">
          <params>
            <param index="0">
              <value>
                <![CDATA[chrome]]>
              </value>
            </param>
          </params>
          <reporter-output>
          </reporter-output>
        </test-method> <!-- setup -->
        <test-method is-config="true" signature="accSetup()[pri:0, instance:com.qa.opencart.tests.AccountsPageTest@5995851e]" started-at="2024-10-22T17:15:32 IST" name="accSetup" finished-at="2024-10-22T17:15:37 IST" duration-ms="5615" status="PASS">
          <reporter-output>
          </reporter-output>
        </test-method> <!-- accSetup -->
        <test-method signature="accPageTitleTest()[pri:0, instance:com.qa.opencart.tests.AccountsPageTest@5995851e]" started-at="2024-10-22T17:15:37 IST" name="accPageTitleTest" finished-at="2024-10-22T17:15:37 IST" duration-ms="111" status="PASS">
          <reporter-output>
          </reporter-output>
        </test-method> <!-- accPageTitleTest -->
        <test-method signature="acctpageHeadersTest()[pri:0, instance:com.qa.opencart.tests.AccountsPageTest@5995851e]" started-at="2024-10-22T17:15:37 IST" name="acctpageHeadersTest" finished-at="2024-10-22T17:15:38 IST" duration-ms="292" status="PASS">
          <reporter-output>
          </reporter-output>
        </test-method> <!-- acctpageHeadersTest -->
        <test-method signature="getAcctpageHeadersCountTest()[pri:0, instance:com.qa.opencart.tests.AccountsPageTest@5995851e]" started-at="2024-10-22T17:15:38 IST" name="getAcctpageHeadersCountTest" finished-at="2024-10-22T17:15:38 IST" duration-ms="83" status="PASS">
          <reporter-output>
          </reporter-output>
        </test-method> <!-- getAcctpageHeadersCountTest -->
        <test-method signature="isLogOutLinkExistTest()[pri:0, instance:com.qa.opencart.tests.AccountsPageTest@5995851e]" started-at="2024-10-22T17:15:38 IST" name="isLogOutLinkExistTest" finished-at="2024-10-22T17:15:40 IST" duration-ms="2238" status="PASS">
          <reporter-output>
          </reporter-output>
        </test-method> <!-- isLogOutLinkExistTest -->
        <test-method signature="searchCountTest(java.lang.String,int)[pri:0, instance:com.qa.opencart.tests.AccountsPageTest@5995851e]" started-at="2024-10-22T17:15:40 IST" name="searchCountTest" data-provider="getSearchkey" finished-at="2024-10-22T17:15:50 IST" duration-ms="10142" status="PASS">
          <params>
            <param index="0">
              <value>
                <![CDATA[macbook]]>
              </value>
            </param>
            <param index="1">
              <value>
                <![CDATA[3]]>
              </value>
            </param>
          </params>
          <reporter-output>
          </reporter-output>
        </test-method> <!-- searchCountTest -->
        <test-method signature="searchCountTest(java.lang.String,int)[pri:0, instance:com.qa.opencart.tests.AccountsPageTest@5995851e]" started-at="2024-10-22T17:15:50 IST" name="searchCountTest" data-provider="getSearchkey" finished-at="2024-10-22T17:15:53 IST" duration-ms="3169" status="PASS">
          <params>
            <param index="0">
              <value>
                <![CDATA[imac]]>
              </value>
            </param>
            <param index="1">
              <value>
                <![CDATA[1]]>
              </value>
            </param>
          </params>
          <reporter-output>
          </reporter-output>
        </test-method> <!-- searchCountTest -->
        <test-method signature="searchCountTest(java.lang.String,int)[pri:0, instance:com.qa.opencart.tests.AccountsPageTest@5995851e]" started-at="2024-10-22T17:15:53 IST" name="searchCountTest" data-provider="getSearchkey" finished-at="2024-10-22T17:15:56 IST" duration-ms="2285" status="PASS">
          <params>
            <param index="0">
              <value>
                <![CDATA[samsung]]>
              </value>
            </param>
            <param index="1">
              <value>
                <![CDATA[2]]>
              </value>
            </param>
          </params>
          <reporter-output>
          </reporter-output>
        </test-method> <!-- searchCountTest -->
        <test-method signature="searchTest(java.lang.String,java.lang.String)[pri:0, instance:com.qa.opencart.tests.AccountsPageTest@5995851e]" started-at="2024-10-22T17:15:56 IST" name="searchTest" data-provider="getSearchData" finished-at="2024-10-22T17:16:00 IST" duration-ms="4549" status="PASS">
          <params>
            <param index="0">
              <value>
                <![CDATA[macbook]]>
              </value>
            </param>
            <param index="1">
              <value>
                <![CDATA[MacBook Pro]]>
              </value>
            </param>
          </params>
          <reporter-output>
          </reporter-output>
        </test-method> <!-- searchTest -->
        <test-method signature="searchTest(java.lang.String,java.lang.String)[pri:0, instance:com.qa.opencart.tests.AccountsPageTest@5995851e]" started-at="2024-10-22T17:16:00 IST" name="searchTest" data-provider="getSearchData" finished-at="2024-10-22T17:16:04 IST" duration-ms="4018" status="PASS">
          <params>
            <param index="0">
              <value>
                <![CDATA[macbook]]>
              </value>
            </param>
            <param index="1">
              <value>
                <![CDATA[MacBook Air]]>
              </value>
            </param>
          </params>
          <reporter-output>
          </reporter-output>
        </test-method> <!-- searchTest -->
        <test-method signature="searchTest(java.lang.String,java.lang.String)[pri:0, instance:com.qa.opencart.tests.AccountsPageTest@5995851e]" started-at="2024-10-22T17:16:04 IST" name="searchTest" data-provider="getSearchData" finished-at="2024-10-22T17:16:08 IST" duration-ms="3414" status="PASS">
          <params>
            <param index="0">
              <value>
                <![CDATA[imac]]>
              </value>
            </param>
            <param index="1">
              <value>
                <![CDATA[iMac]]>
              </value>
            </param>
          </params>
          <reporter-output>
          </reporter-output>
        </test-method> <!-- searchTest -->
        <test-method signature="searchTest(java.lang.String,java.lang.String)[pri:0, instance:com.qa.opencart.tests.AccountsPageTest@5995851e]" started-at="2024-10-22T17:16:08 IST" name="searchTest" data-provider="getSearchData" finished-at="2024-10-22T17:16:11 IST" duration-ms="3629" status="PASS">
          <params>
            <param index="0">
              <value>
                <![CDATA[Samsung]]>
              </value>
            </param>
            <param index="1">
              <value>
                <![CDATA[Samsung SyncMaster 941BW]]>
              </value>
            </param>
          </params>
          <reporter-output>
          </reporter-output>
        </test-method> <!-- searchTest -->
        <test-method signature="searchTest(java.lang.String,java.lang.String)[pri:0, instance:com.qa.opencart.tests.AccountsPageTest@5995851e]" started-at="2024-10-22T17:16:11 IST" name="searchTest" data-provider="getSearchData" finished-at="2024-10-22T17:16:15 IST" duration-ms="3500" status="PASS">
          <params>
            <param index="0">
              <value>
                <![CDATA[Samsung]]>
              </value>
            </param>
            <param index="1">
              <value>
                <![CDATA[Samsung Galaxy Tab 10.1]]>
              </value>
            </param>
          </params>
          <reporter-output>
          </reporter-output>
        </test-method> <!-- searchTest -->
        <test-method is-config="true" signature="tearDown()[pri:0, instance:com.qa.opencart.tests.AccountsPageTest@5995851e]" started-at="2024-10-22T17:16:15 IST" name="tearDown" finished-at="2024-10-22T17:16:15 IST" duration-ms="417" status="PASS">
          <reporter-output>
          </reporter-output>
        </test-method> <!-- tearDown -->
      </class> <!-- com.qa.opencart.tests.AccountsPageTest -->
    </test> <!-- Accounts Page Test -->
  </suite> <!-- Opencart App Test Regression Suite -->
</testng-results>
